Arguments: 
  /usr/local/bin/node /usr/local/bin/yarn add --dev @types/onflow__fcl

PATH: 
  /Users/veebs/.rbenv/shims:/opt/homebrew/bin:/opt/homebrew/sbin:/usr/local/bin:/usr/bin:/bin:/usr/sbin:/sbin:/usr/local/go/bin:/Library/Apple/usr/bin:/Users/veebs/Library/Android/sdk/platform-tools/

Yarn version: 
  1.22.10

Node version: 
  14.15.5

Platform: 
  darwin x64

Trace: 
  Error: https://registry.yarnpkg.com/@types%2fonflow__fcl: Not found
      at Request.params.callback [as _callback] (/usr/local/lib/node_modules/yarn/lib/cli.js:66988:18)
      at Request.self.callback (/usr/local/lib/node_modules/yarn/lib/cli.js:140662:22)
      at Request.emit (events.js:315:20)
      at Request.<anonymous> (/usr/local/lib/node_modules/yarn/lib/cli.js:141634:10)
      at Request.emit (events.js:315:20)
      at IncomingMessage.<anonymous> (/usr/local/lib/node_modules/yarn/lib/cli.js:141556:12)
      at Object.onceWrapper (events.js:421:28)
      at IncomingMessage.emit (events.js:327:22)
      at endReadableNT (internal/streams/readable.js:1327:12)
      at processTicksAndRejections (internal/process/task_queues.js:80:21)

npm manifest: 
  {
    "name": "topshot-monitor",
    "version": "1.0.0",
    "author": "vyborll",
    "license": "MIT",
    "dependencies": {
      "@onflow/fcl": "^0.0.69",
      "@onflow/types": "^0.0.4"
    }
  }

yarn manifest: 
  No manifest

Lockfile: 
  # THIS IS AN AUTOGENERATED FILE. DO NOT EDIT THIS FILE DIRECTLY.
  # yarn lockfile v1
  
  
  "@improbable-eng/grpc-web-node-http-transport@^0.14.0":
    version "0.14.0"
    resolved "https://registry.yarnpkg.com/@improbable-eng/grpc-web-node-http-transport/-/grpc-web-node-http-transport-0.14.0.tgz#3edf05360541b2d7ba799ec0144780a7a9a99383"
    integrity sha512-NGZJgY8zTTWM//9oGdJZ+acmCgcgUcqxu3NV3GMFxw35D+3xkdEz599r9O7urg1Vv0+LzXDvfWEg7qg1Ec8x1w==
  
  "@improbable-eng/grpc-web@^0.12.0":
    version "0.12.0"
    resolved "https://registry.yarnpkg.com/@improbable-eng/grpc-web/-/grpc-web-0.12.0.tgz#9b10a7edf2a1d7672f8997e34a60e7b70e49738f"
    integrity sha512-uJjgMPngreRTYPBuo6gswMj1gK39Wbqre/RgE0XnSDXJRg6ST7ZhuS53dFE6Vc2CX4jxgl+cO+0B3op8LA4Q0Q==
    dependencies:
      browser-headers "^0.4.0"
  
  "@improbable-eng/grpc-web@^0.14.0":
    version "0.14.0"
    resolved "https://registry.yarnpkg.com/@improbable-eng/grpc-web/-/grpc-web-0.14.0.tgz#a71c5af471dcef6a2810798f71f93ed8d6ac3817"
    integrity sha512-ag1PTMWpBZKGi6GrEcZ4lkU5Qag23Xjo10BmnK9qyx4TMmSVcWmQ3rECirfQzm2uogrM9n1M6xfOpFsJP62ivA==
    dependencies:
      browser-headers "^0.4.1"
  
  "@onflow/config@0.0.2", "@onflow/config@^0.0.2":
    version "0.0.2"
    resolved "https://registry.yarnpkg.com/@onflow/config/-/config-0.0.2.tgz#caed7df27e9258ce2d4eae43f5e6f22caa119547"
    integrity sha512-H/+yrAalzEnMWkubiWsDdWytKSzd+OfRCddTlaRUelxfXhcfw2QWegH9N8EzeKfKXcQ6PLzvu9vQwhFxCZTE8Q==
    dependencies:
      "@onflow/util-actor" "0.0.2"
  
  "@onflow/fcl@^0.0.69":
    version "0.0.69"
    resolved "https://registry.yarnpkg.com/@onflow/fcl/-/fcl-0.0.69.tgz#5610e12540357f267d4115f86058dc4bbbaea373"
    integrity sha512-OiFdqiJn7yTnwdg4JXWD9c0KyFxbrmR5qazTpaFrqlCkLYhEuZIV5FywPXmZuNfLKMqjuKc5pXCdtHjw5Nj53g==
    dependencies:
      "@onflow/config" "0.0.2"
      "@onflow/interaction" "0.0.11"
      "@onflow/rlp" "0.0.3"
      "@onflow/sdk" "0.0.45"
      "@onflow/types" "^0.0.4"
      "@onflow/util-actor" "0.0.2"
      "@onflow/util-address" "0.0.0"
      "@onflow/util-invariant" "0.0.0"
      "@onflow/util-template" "0.0.1"
      "@onflow/util-uid" "0.0.1"
  
  "@onflow/interaction@0.0.11":
    version "0.0.11"
    resolved "https://registry.yarnpkg.com/@onflow/interaction/-/interaction-0.0.11.tgz#4db8f4304039e33d6fc3b14c38b392d724113374"
    integrity sha512-Xuq1Mmx6Wyba/F/L+QLQs0yJeQDsIDwy5SKk5vrCuVgIj0yD8k506g5L8ODrbM1LWll8i0tQsoOi0F85vNl5sA==
  
  "@onflow/protobuf@^0.1.8":
    version "0.1.8"
    resolved "https://registry.yarnpkg.com/@onflow/protobuf/-/protobuf-0.1.8.tgz#1b790340efaa222e6e489d818ff426ce4739805d"
    integrity sha512-Taww31RrpJMr3fkWgF2HR2TcRbAoPbMjwRYt9IlYknyRX5YTzpaU35petdqDRfxwmfY9mRxHbiInujX4aV02Hw==
    dependencies:
      "@improbable-eng/grpc-web" "^0.12.0"
      google-protobuf "^3.11.4"
  
  "@onflow/rlp@0.0.3", "@onflow/rlp@^0.0.3":
    version "0.0.3"
    resolved "https://registry.yarnpkg.com/@onflow/rlp/-/rlp-0.0.3.tgz#42e10944309732bfd9acca79710c8210b9aabd4c"
    integrity sha512-oAf0VEiMjX8eC6Vd66j1BdGYTHOM6UBaS/sLSScnc7bKX5gICqe2gtEsCeJVE9rUzRk3GD3JqXRnPAW6YFWd/Q==
  
  "@onflow/sdk@0.0.45":
    version "0.0.45"
    resolved "https://registry.yarnpkg.com/@onflow/sdk/-/sdk-0.0.45.tgz#63bcf1b08784803ff472b7e0c43c88da9914e901"
    integrity sha512-fNXTydFSieJhW3RzKPErdGm4IAWSb/CwaoKbs+CCaizIbmHVyGjgOzWlHI2nPhuUrBQBy4wCiqn25ZpPg9h12Q==
    dependencies:
      "@improbable-eng/grpc-web" "^0.14.0"
      "@improbable-eng/grpc-web-node-http-transport" "^0.14.0"
      "@onflow/config" "^0.0.2"
      "@onflow/protobuf" "^0.1.8"
      "@onflow/rlp" "^0.0.3"
      "@onflow/util-address" "^0.0.0"
      "@onflow/util-invariant" "^0.0.0"
      "@onflow/util-template" "0.0.1"
      deepmerge "^4.2.2"
  
  "@onflow/types@^0.0.4":
    version "0.0.4"
    resolved "https://registry.yarnpkg.com/@onflow/types/-/types-0.0.4.tgz#d4a9c3e301d23182dd256b73d3679c952fe653f0"
    integrity sha512-47r0qTM45mR7FSvyEE0njGljkpgy3MCf/2W82pfZ/PTFGWr1nsGV/4j2bUfK9Sry4Ymz2W20iRZVP3xpqOhqGw==
  
  "@onflow/util-actor@0.0.2":
    version "0.0.2"
    resolved "https://registry.yarnpkg.com/@onflow/util-actor/-/util-actor-0.0.2.tgz#51de2742d36a409931ff88183eeadf277e26f717"
    integrity sha512-NV3zPXQue3FqVgcIIMo6ifJOiP3hVSQTaR4ZrWLFU5iAZ/L73cTtBMbCB4BUFOe20ALtF2c9PFmpNVowCYV+nw==
    dependencies:
      queue-microtask "1.1.2"
  
  "@onflow/util-address@0.0.0", "@onflow/util-address@^0.0.0":
    version "0.0.0"
    resolved "https://registry.yarnpkg.com/@onflow/util-address/-/util-address-0.0.0.tgz#f14696cdd8fb7808f1da59f1fde116621e901ebf"
    integrity sha512-Lzbw/wV3O1fmfXYF2q6iGLgHz/7ATsLXOHceP5tzeEAKNf+srdtTNJv5jhNGhpFFAtQ6TcomXURVMhUg+/4YbA==
  
  "@onflow/util-invariant@0.0.0", "@onflow/util-invariant@^0.0.0":
    version "0.0.0"
    resolved "https://registry.yarnpkg.com/@onflow/util-invariant/-/util-invariant-0.0.0.tgz#4bb62f7022b211a0538d4b854105fcbdc3782a11"
    integrity sha512-ZCt+NqLdeHt9tZhb0DGxo6iSIS9oNUpLkd0PEMzUYUHr4UwrUO7VruV1AUW3PaF9V78DZ13fNZUiQEzdF76O/w==
  
  "@onflow/util-template@0.0.1":
    version "0.0.1"
    resolved "https://registry.yarnpkg.com/@onflow/util-template/-/util-template-0.0.1.tgz#860fb884f52d078958c0cc2343cd34d6e85de49e"
    integrity sha512-qlJ0oq+QujnZRCOGYaw5OKSDpiDIOpwQMYlMe4Mbz//Wn+LOmUghoKZGmRP+YCgp7BJ4aB6AWW/7kL83NDy50A==
  
  "@onflow/util-uid@0.0.1":
    version "0.0.1"
    resolved "https://registry.yarnpkg.com/@onflow/util-uid/-/util-uid-0.0.1.tgz#aae81c094bffffbca622854164a2cc5bca4df17a"
    integrity sha512-SzBscBdyn1Zoks0Wo/w7J/Ds9IZ/T+KM/wyWMwWla4PnxwBFviy1BytEQY+sM5q1UNOvaGWgGEoRmH/oOCcglA==
  
  browser-headers@^0.4.0, browser-headers@^0.4.1:
    version "0.4.1"
    resolved "https://registry.yarnpkg.com/browser-headers/-/browser-headers-0.4.1.tgz#4308a7ad3b240f4203dbb45acedb38dc2d65dd02"
    integrity sha512-CA9hsySZVo9371qEHjHZtYxV2cFtVj5Wj/ZHi8ooEsrtm4vOnl9Y9HmyYWk9q+05d7K3rdoAE0j3MVEFVvtQtg==
  
  deepmerge@^4.2.2:
    version "4.2.2"
    resolved "https://registry.yarnpkg.com/deepmerge/-/deepmerge-4.2.2.tgz#44d2ea3679b8f4d4ffba33f03d865fc1e7bf4955"
    integrity sha512-FJ3UgI4gIl+PHZm53knsuSFpE+nESMr7M4v9QcgB7S63Kj/6WqMiFQJpBBYz1Pt+66bZpP3Q7Lye0Oo9MPKEdg==
  
  google-protobuf@^3.11.4:
    version "3.16.0"
    resolved "https://registry.yarnpkg.com/google-protobuf/-/google-protobuf-3.16.0.tgz#87c61829a8aec7d9244dcbed9464e1d0fcbed8ae"
    integrity sha512-gBY66yYL1wbQMU2r1POkXSXkm035Ni0wFv3vx0K9IEUsJLP9G5rAcFVn0xUXfZneRu6MmDjaw93pt/DE56VOyw==
  
  queue-microtask@1.1.2:
    version "1.1.2"
    resolved "https://registry.yarnpkg.com/queue-microtask/-/queue-microtask-1.1.2.tgz#139bf8186db0c545017ec66c2664ac646d5c571e"
    integrity sha512-F9wwNePtXrzZenAB3ax0Y8TSKGvuB7Qw16J30hspEUTbfUM+H827XyN3rlpwhVmtm5wuZtbKIHjOnwDn7MUxWQ==
